# JRE version: OpenJDK Runtime Environment (17.0.6) (build 17.0.6+0-b2043.56-9586694)
# Java VM: OpenJDK 64-Bit Server VM (17.0.6+0-b2043.56-9586694, mixed mode, tiered, compressed oops, compressed class ptrs, g1 gc, windows-amd64)
GC Precious Log:
 CPUs: 8 total, 8 available
 Memory: 7103M
 Large Page Support: Disabled
 NUMA Support: Disabled
 Compressed Oops: Enabled (32-bit)
 Heap Region Size: 1M
 Heap Min Capacity: 8M
 Heap Initial Capacity: 112M
 Heap Max Capacity: 2G
 Pre-touch: Disabled
 Parallel Workers: 8
 Concurrent Workers: 2
 Concurrent Refinement Workers: 8
 Periodic GC: Disabled
Heap:
 garbage-first heap   total 86016K, used 59143K [0x0000000080000000, 0x0000000100000000)
  region size 1024K, 12 young (12288K), 3 survivors (3072K)
 Metaspace       used 62406K, committed 62848K, reserved 1105920K
  class space    used 8258K, committed 8448K, reserved 1048576K
GC Heap History (20 events):
Event: 4.825 GC heap before
{Heap before GC invocations=6 (full 0):
 garbage-first heap   total 71680K, used 47621K [0x0000000080000000, 0x0000000100000000)
  region size 1024K, 30 young (30720K), 4 survivors (4096K)
 Metaspace       used 35631K, committed 35968K, reserved 1081344K
  class space    used 4882K, committed 5056K, reserved 1048576K
}
Event: 4.831 GC heap after
{Heap after GC invocations=7 (full 0):
 garbage-first heap   total 71680K, used 24205K [0x0000000080000000, 0x0000000100000000)
  region size 1024K, 4 young (4096K), 4 survivors (4096K)
 Metaspace       used 35631K, committed 35968K, reserved 1081344K
  class space    used 4882K, committed 5056K, reserved 1048576K
}
Event: 5.324 GC heap before
{Heap before GC invocations=8 (full 0):
 garbage-first heap   total 71680K, used 51853K [0x0000000080000000, 0x0000000100000000)
  region size 1024K, 32 young (32768K), 4 survivors (4096K)
 Metaspace       used 40397K, committed 40768K, reserved 1089536K
  class space    used 5362K, committed 5504K, reserved 1048576K
}
Event: 5.332 GC heap after
{Heap after GC invocations=9 (full 0):
 garbage-first heap   total 71680K, used 28390K [0x0000000080000000, 0x0000000100000000)
  region size 1024K, 4 young (4096K), 4 survivors (4096K)
 Metaspace       used 40397K, committed 40768K, reserved 1089536K
  class space    used 5362K, committed 5504K, reserved 1048576K
}
Event: 5.804 GC heap before
{Heap before GC invocations=9 (full 0):
 garbage-first heap   total 71680K, used 56038K [0x0000000080000000, 0x0000000100000000)
  region size 1024K, 28 young (28672K), 4 survivors (4096K)
 Metaspace       used 42598K, committed 43008K, reserved 1089536K
  class space    used 5575K, committed 5760K, reserved 1048576K
}
Event: 5.810 GC heap after
{Heap after GC invocations=10 (full 0):
 garbage-first heap   total 71680K, used 30866K [0x0000000080000000, 0x0000000100000000)
  region size 1024K, 3 young (3072K), 3 survivors (3072K)
 Metaspace       used 42598K, committed 43008K, reserved 1089536K
  class space    used 5575K, committed 5760K, reserved 1048576K
}
Event: 6.354 GC heap before
{Heap before GC invocations=10 (full 0):
 garbage-first heap   total 71680K, used 54418K [0x0000000080000000, 0x0000000100000000)
  region size 1024K, 26 young (26624K), 3 survivors (3072K)
 Metaspace       used 45397K, committed 45824K, reserved 1089536K
  class space    used 6025K, committed 6208K, reserved 1048576K
}
Event: 6.361 GC heap after
{Heap after GC invocations=11 (full 0):
 garbage-first heap   total 71680K, used 33131K [0x0000000080000000, 0x0000000100000000)
  region size 1024K, 3 young (3072K), 3 survivors (3072K)
 Metaspace       used 45397K, committed 45824K, reserved 1089536K
  class space    used 6025K, committed 6208K, reserved 1048576K
}
Event: 6.473 GC heap before
{Heap before GC invocations=11 (full 0):
 garbage-first heap   total 71680K, used 37227K [0x0000000080000000, 0x0000000100000000)
  region size 1024K, 9 young (9216K), 3 survivors (3072K)
 Metaspace       used 46076K, committed 46464K, reserved 1089536K
  class space    used 6115K, committed 6272K, reserved 1048576K
}
Event: 6.476 GC heap after
{Heap after GC invocations=12 (full 0):
 garbage-first heap   total 86016K, used 33867K [0x0000000080000000, 0x0000000100000000)
  region size 1024K, 1 young (1024K), 1 survivors (1024K)
 Metaspace       used 46076K, committed 46464K, reserved 1089536K
  class space    used 6115K, committed 6272K, reserved 1048576K
}
Event: 7.203 GC heap before
{Heap before GC invocations=12 (full 0):
 garbage-first heap   total 86016K, used 66635K [0x0000000080000000, 0x0000000100000000)
  region size 1024K, 32 young (32768K), 1 survivors (1024K)
 Metaspace       used 50710K, committed 51136K, reserved 1097728K
  class space    used 6736K, committed 6912K, reserved 1048576K
}
Event: 7.207 GC heap after
{Heap after GC invocations=13 (full 0):
 garbage-first heap   total 86016K, used 34572K [0x0000000080000000, 0x0000000100000000)
  region size 1024K, 2 young (2048K), 2 survivors (2048K)
 Metaspace       used 50710K, committed 51136K, reserved 1097728K
  class space    used 6736K, committed 6912K, reserved 1048576K
}
Event: 7.856 GC heap before
{Heap before GC invocations=13 (full 0):
 garbage-first heap   total 86016K, used 68364K [0x0000000080000000, 0x0000000100000000)
  region size 1024K, 34 young (34816K), 2 survivors (2048K)
 Metaspace       used 51824K, committed 52288K, reserved 1097728K
  class space    used 6847K, committed 7040K, reserved 1048576K
}
Event: 7.861 GC heap after
{Heap after GC invocations=14 (full 0):
 garbage-first heap   total 86016K, used 41034K [0x0000000080000000, 0x0000000100000000)
  region size 1024K, 5 young (5120K), 5 survivors (5120K)
 Metaspace       used 51824K, committed 52288K, reserved 1097728K
  class space    used 6847K, committed 7040K, reserved 1048576K
}
Event: 8.276 GC heap before
{Heap before GC invocations=14 (full 0):
 garbage-first heap   total 86016K, used 66634K [0x0000000080000000, 0x0000000100000000)
  region size 1024K, 30 young (30720K), 5 survivors (5120K)
 Metaspace       used 54837K, committed 55360K, reserved 1097728K
  class space    used 7264K, committed 7488K, reserved 1048576K
}
Event: 8.281 GC heap after
{Heap after GC invocations=15 (full 0):
 garbage-first heap   total 86016K, used 45049K [0x0000000080000000, 0x0000000100000000)
  region size 1024K, 4 young (4096K), 4 survivors (4096K)
 Metaspace       used 54837K, committed 55360K, reserved 1097728K
  class space    used 7264K, committed 7488K, reserved 1048576K
}
Event: 8.742 GC heap before
{Heap before GC invocations=15 (full 0):
 garbage-first heap   total 86016K, used 67577K [0x0000000080000000, 0x0000000100000000)
  region size 1024K, 26 young (26624K), 4 survivors (4096K)
 Metaspace       used 58411K, committed 58944K, reserved 1105920K
  class space    used 7699K, committed 7936K, reserved 1048576K
}
Event: 8.746 GC heap after
{Heap after GC invocations=16 (full 0):
 garbage-first heap   total 86016K, used 45833K [0x0000000080000000, 0x0000000100000000)
  region size 1024K, 1 young (1024K), 1 survivors (1024K)
 Metaspace       used 58411K, committed 58944K, reserved 1105920K
  class space    used 7699K, committed 7936K, reserved 1048576K
}
Event: 9.256 GC heap before
{Heap before GC invocations=17 (full 0):
 garbage-first heap   total 86016K, used 65289K [0x0000000080000000, 0x0000000100000000)
  region size 1024K, 21 young (21504K), 1 survivors (1024K)
 Metaspace       used 62404K, committed 62848K, reserved 1105920K
  class space    used 8258K, committed 8448K, reserved 1048576K
}
Event: 9.259 GC heap after
{Heap after GC invocations=18 (full 0):
 garbage-first heap   total 86016K, used 47879K [0x0000000080000000, 0x0000000100000000)
  region size 1024K, 3 young (3072K), 3 survivors (3072K)
 Metaspace       used 62404K, committed 62848K, reserved 1105920K
  class space    used 8258K, committed 8448K, reserved 1048576K
}

