# JRE version: OpenJDK Runtime Environment (17.0.6) (build 17.0.6+0-b2043.56-9586694)
# Java VM: OpenJDK 64-Bit Server VM (17.0.6+0-b2043.56-9586694, mixed mode, tiered, compressed oops, compressed class ptrs, g1 gc, windows-amd64)
GC Precious Log:
 CPUs: 8 total, 8 available
 Memory: 7103M
 Large Page Support: Disabled
 NUMA Support: Disabled
 Compressed Oops: Enabled (32-bit)
 Heap Region Size: 1M
 Heap Min Capacity: 8M
 Heap Initial Capacity: 112M
 Heap Max Capacity: 2G
 Pre-touch: Disabled
 Parallel Workers: 8
 Concurrent Workers: 2
 Concurrent Refinement Workers: 8
 Periodic GC: Disabled
Heap:
 garbage-first heap   total 179200K, used 112169K [0x0000000080000000, 0x0000000100000000)
  region size 1024K, 15 young (15360K), 6 survivors (6144K)
 Metaspace       used 118220K, committed 119040K, reserved 1155072K
  class space    used 16222K, committed 16640K, reserved 1048576K
GC Heap History (20 events):
Event: 19.110 GC heap before
{Heap before GC invocations=33 (full 0):
 garbage-first heap   total 171008K, used 138263K [0x0000000080000000, 0x0000000100000000)
  region size 1024K, 61 young (62464K), 7 survivors (7168K)
 Metaspace       used 93936K, committed 94592K, reserved 1138688K
  class space    used 12784K, committed 13120K, reserved 1048576K
}
Event: 19.122 GC heap after
{Heap after GC invocations=34 (full 0):
 garbage-first heap   total 171008K, used 92093K [0x0000000080000000, 0x0000000100000000)
  region size 1024K, 8 young (8192K), 8 survivors (8192K)
 Metaspace       used 93936K, committed 94592K, reserved 1138688K
  class space    used 12784K, committed 13120K, reserved 1048576K
}
Event: 19.817 GC heap before
{Heap before GC invocations=34 (full 0):
 garbage-first heap   total 171008K, used 136125K [0x0000000080000000, 0x0000000100000000)
  region size 1024K, 52 young (53248K), 8 survivors (8192K)
 Metaspace       used 95781K, committed 96512K, reserved 1138688K
  class space    used 13026K, committed 13376K, reserved 1048576K
}
Event: 19.825 GC heap after
{Heap after GC invocations=35 (full 0):
 garbage-first heap   total 171008K, used 92776K [0x0000000080000000, 0x0000000100000000)
  region size 1024K, 4 young (4096K), 4 survivors (4096K)
 Metaspace       used 95781K, committed 96512K, reserved 1138688K
  class space    used 13026K, committed 13376K, reserved 1048576K
}
Event: 20.761 GC heap before
{Heap before GC invocations=35 (full 0):
 garbage-first heap   total 171008K, used 136808K [0x0000000080000000, 0x0000000100000000)
  region size 1024K, 48 young (49152K), 4 survivors (4096K)
 Metaspace       used 103626K, committed 104320K, reserved 1146880K
  class space    used 14129K, committed 14464K, reserved 1048576K
}
Event: 20.768 GC heap after
{Heap after GC invocations=36 (full 0):
 garbage-first heap   total 171008K, used 94924K [0x0000000080000000, 0x0000000100000000)
  region size 1024K, 3 young (3072K), 3 survivors (3072K)
 Metaspace       used 103626K, committed 104320K, reserved 1146880K
  class space    used 14129K, committed 14464K, reserved 1048576K
}
Event: 21.915 GC heap before
{Heap before GC invocations=36 (full 0):
 garbage-first heap   total 171008K, used 136908K [0x0000000080000000, 0x0000000100000000)
  region size 1024K, 46 young (47104K), 3 survivors (3072K)
 Metaspace       used 111024K, committed 111680K, reserved 1146880K
  class space    used 15368K, committed 15680K, reserved 1048576K
}
Event: 21.920 GC heap after
{Heap after GC invocations=37 (full 0):
 garbage-first heap   total 171008K, used 96524K [0x0000000080000000, 0x0000000100000000)
  region size 1024K, 4 young (4096K), 4 survivors (4096K)
 Metaspace       used 111024K, committed 111680K, reserved 1146880K
  class space    used 15368K, committed 15680K, reserved 1048576K
}
Event: 22.955 GC heap before
{Heap before GC invocations=38 (full 0):
 garbage-first heap   total 171008K, used 145676K [0x0000000080000000, 0x0000000100000000)
  region size 1024K, 48 young (49152K), 4 survivors (4096K)
 Metaspace       used 116433K, committed 117120K, reserved 1155072K
  class space    used 16120K, committed 16448K, reserved 1048576K
}
Event: 22.962 GC heap after
{Heap after GC invocations=39 (full 0):
 garbage-first heap   total 171008K, used 99256K [0x0000000080000000, 0x0000000100000000)
  region size 1024K, 6 young (6144K), 6 survivors (6144K)
 Metaspace       used 116433K, committed 117120K, reserved 1155072K
  class space    used 16120K, committed 16448K, reserved 1048576K
}
Event: 23.022 GC heap before
{Heap before GC invocations=39 (full 0):
 garbage-first heap   total 171008K, used 101304K [0x0000000080000000, 0x0000000100000000)
  region size 1024K, 8 young (8192K), 6 survivors (6144K)
 Metaspace       used 116618K, committed 117312K, reserved 1155072K
  class space    used 16148K, committed 16448K, reserved 1048576K
}
Event: 23.029 GC heap after
{Heap after GC invocations=40 (full 0):
 garbage-first heap   total 171008K, used 97822K [0x0000000080000000, 0x0000000100000000)
  region size 1024K, 1 young (1024K), 1 survivors (1024K)
 Metaspace       used 116618K, committed 117312K, reserved 1155072K
  class space    used 16148K, committed 16448K, reserved 1048576K
}
Event: 43.323 GC heap before
{Heap before GC invocations=40 (full 0):
 garbage-first heap   total 171008K, used 141854K [0x0000000080000000, 0x0000000100000000)
  region size 1024K, 44 young (45056K), 1 survivors (1024K)
 Metaspace       used 117425K, committed 118208K, reserved 1155072K
  class space    used 16190K, committed 16576K, reserved 1048576K
}
Event: 43.331 GC heap after
{Heap after GC invocations=41 (full 0):
 garbage-first heap   total 171008K, used 102404K [0x0000000080000000, 0x0000000100000000)
  region size 1024K, 6 young (6144K), 6 survivors (6144K)
 Metaspace       used 117425K, committed 118208K, reserved 1155072K
  class space    used 16190K, committed 16576K, reserved 1048576K
}
Event: 164.950 GC heap before
{Heap before GC invocations=42 (full 0):
 garbage-first heap   total 179200K, used 137220K [0x0000000080000000, 0x0000000100000000)
  region size 1024K, 43 young (44032K), 6 survivors (6144K)
 Metaspace       used 117834K, committed 118656K, reserved 1155072K
  class space    used 16211K, committed 16576K, reserved 1048576K
}
Event: 164.969 GC heap after
{Heap after GC invocations=43 (full 0):
 garbage-first heap   total 179200K, used 98110K [0x0000000080000000, 0x0000000100000000)
  region size 1024K, 3 young (3072K), 3 survivors (3072K)
 Metaspace       used 117834K, committed 118656K, reserved 1155072K
  class space    used 16211K, committed 16576K, reserved 1048576K
}
Event: 165.134 GC heap before
{Heap before GC invocations=43 (full 0):
 garbage-first heap   total 179200K, used 103230K [0x0000000080000000, 0x0000000100000000)
  region size 1024K, 8 young (8192K), 3 survivors (3072K)
 Metaspace       used 117890K, committed 118720K, reserved 1155072K
  class space    used 16212K, committed 16576K, reserved 1048576K
}
Event: 165.148 GC heap after
{Heap after GC invocations=44 (full 0):
 garbage-first heap   total 179200K, used 97833K [0x0000000080000000, 0x0000000100000000)
  region size 1024K, 1 young (1024K), 1 survivors (1024K)
 Metaspace       used 117890K, committed 118720K, reserved 1155072K
  class space    used 16212K, committed 16576K, reserved 1048576K
}
Event: 165.845 GC heap before
{Heap before GC invocations=44 (full 0):
 garbage-first heap   total 179200K, used 124457K [0x0000000080000000, 0x0000000100000000)
  region size 1024K, 29 young (29696K), 1 survivors (1024K)
 Metaspace       used 118211K, committed 119040K, reserved 1155072K
  class space    used 16222K, committed 16640K, reserved 1048576K
}
Event: 165.854 GC heap after
{Heap after GC invocations=45 (full 0):
 garbage-first heap   total 179200K, used 102953K [0x0000000080000000, 0x0000000100000000)
  region size 1024K, 6 young (6144K), 6 survivors (6144K)
 Metaspace       used 118211K, committed 119040K, reserved 1155072K
  class space    used 16222K, committed 16640K, reserved 1048576K
}

