# JRE version: OpenJDK Runtime Environment (17.0.6) (build 17.0.6+0-b2043.56-9586694)
# Java VM: OpenJDK 64-Bit Server VM (17.0.6+0-b2043.56-9586694, mixed mode, tiered, compressed oops, compressed class ptrs, g1 gc, windows-amd64)
GC Precious Log:
 CPUs: 8 total, 8 available
 Memory: 7103M
 Large Page Support: Disabled
 NUMA Support: Disabled
 Compressed Oops: Enabled (32-bit)
 Heap Region Size: 1M
 Heap Min Capacity: 8M
 Heap Initial Capacity: 112M
 Heap Max Capacity: 2G
 Pre-touch: Disabled
 Parallel Workers: 8
 Concurrent Workers: 2
 Concurrent Refinement Workers: 8
 Periodic GC: Disabled
Heap:
 garbage-first heap   total 106496K, used 56201K [0x0000000080000000, 0x0000000100000000)
  region size 1024K, 7 young (7168K), 4 survivors (4096K)
 Metaspace       used 66776K, committed 67328K, reserved 1114112K
  class space    used 8787K, committed 9024K, reserved 1048576K
GC Heap History (20 events):
Event: 5.877 GC heap before
{Heap before GC invocations=12 (full 0):
 garbage-first heap   total 68608K, used 43672K [0x0000000080000000, 0x0000000100000000)
  region size 1024K, 15 young (15360K), 2 survivors (2048K)
 Metaspace       used 46056K, committed 46464K, reserved 1089536K
  class space    used 6112K, committed 6272K, reserved 1048576K
}
Event: 5.879 GC heap after
{Heap after GC invocations=13 (full 0):
 garbage-first heap   total 82944K, used 33890K [0x0000000080000000, 0x0000000100000000)
  region size 1024K, 2 young (2048K), 2 survivors (2048K)
 Metaspace       used 46056K, committed 46464K, reserved 1089536K
  class space    used 6112K, committed 6272K, reserved 1048576K
}
Event: 6.414 GC heap before
{Heap before GC invocations=13 (full 0):
 garbage-first heap   total 82944K, used 63586K [0x0000000080000000, 0x0000000100000000)
  region size 1024K, 30 young (30720K), 2 survivors (2048K)
 Metaspace       used 50308K, committed 50752K, reserved 1097728K
  class space    used 6674K, committed 6848K, reserved 1048576K
}
Event: 6.417 GC heap after
{Heap after GC invocations=14 (full 0):
 garbage-first heap   total 82944K, used 34473K [0x0000000080000000, 0x0000000100000000)
  region size 1024K, 2 young (2048K), 2 survivors (2048K)
 Metaspace       used 50308K, committed 50752K, reserved 1097728K
  class space    used 6674K, committed 6848K, reserved 1048576K
}
Event: 7.023 GC heap before
{Heap before GC invocations=14 (full 0):
 garbage-first heap   total 82944K, used 64169K [0x0000000080000000, 0x0000000100000000)
  region size 1024K, 31 young (31744K), 2 survivors (2048K)
 Metaspace       used 51544K, committed 51968K, reserved 1097728K
  class space    used 6811K, committed 6976K, reserved 1048576K
}
Event: 7.028 GC heap after
{Heap after GC invocations=15 (full 0):
 garbage-first heap   total 82944K, used 36272K [0x0000000080000000, 0x0000000100000000)
  region size 1024K, 4 young (4096K), 4 survivors (4096K)
 Metaspace       used 51544K, committed 51968K, reserved 1097728K
  class space    used 6811K, committed 6976K, reserved 1048576K
}
Event: 7.497 GC heap before
{Heap before GC invocations=15 (full 0):
 garbage-first heap   total 82944K, used 66992K [0x0000000080000000, 0x0000000100000000)
  region size 1024K, 32 young (32768K), 4 survivors (4096K)
 Metaspace       used 54350K, committed 54848K, reserved 1097728K
  class space    used 7198K, committed 7424K, reserved 1048576K
}
Event: 7.503 GC heap after
{Heap after GC invocations=16 (full 0):
 garbage-first heap   total 82944K, used 44138K [0x0000000080000000, 0x0000000100000000)
  region size 1024K, 4 young (4096K), 4 survivors (4096K)
 Metaspace       used 54350K, committed 54848K, reserved 1097728K
  class space    used 7198K, committed 7424K, reserved 1048576K
}
Event: 7.885 GC heap before
{Heap before GC invocations=16 (full 0):
 garbage-first heap   total 82944K, used 64618K [0x0000000080000000, 0x0000000100000000)
  region size 1024K, 24 young (24576K), 4 survivors (4096K)
 Metaspace       used 57882K, committed 58368K, reserved 1105920K
  class space    used 7631K, committed 7872K, reserved 1048576K
}
Event: 7.888 GC heap after
{Heap after GC invocations=17 (full 0):
 garbage-first heap   total 82944K, used 45664K [0x0000000080000000, 0x0000000100000000)
  region size 1024K, 1 young (1024K), 1 survivors (1024K)
 Metaspace       used 57882K, committed 58368K, reserved 1105920K
  class space    used 7631K, committed 7872K, reserved 1048576K
}
Event: 8.408 GC heap before
{Heap before GC invocations=18 (full 0):
 garbage-first heap   total 82944K, used 66144K [0x0000000080000000, 0x0000000100000000)
  region size 1024K, 21 young (21504K), 1 survivors (1024K)
 Metaspace       used 61070K, committed 61504K, reserved 1105920K
  class space    used 8113K, committed 8320K, reserved 1048576K
}
Event: 8.411 GC heap after
{Heap after GC invocations=19 (full 0):
 garbage-first heap   total 82944K, used 46816K [0x0000000080000000, 0x0000000100000000)
  region size 1024K, 2 young (2048K), 2 survivors (2048K)
 Metaspace       used 61070K, committed 61504K, reserved 1105920K
  class space    used 8113K, committed 8320K, reserved 1048576K
}
Event: 8.574 GC heap before
{Heap before GC invocations=19 (full 0):
 garbage-first heap   total 82944K, used 50912K [0x0000000080000000, 0x0000000100000000)
  region size 1024K, 7 young (7168K), 2 survivors (2048K)
 Metaspace       used 62404K, committed 62912K, reserved 1105920K
  class space    used 8257K, committed 8448K, reserved 1048576K
}
Event: 8.578 GC heap after
{Heap after GC invocations=20 (full 0):
 garbage-first heap   total 82944K, used 47918K [0x0000000080000000, 0x0000000100000000)
  region size 1024K, 3 young (3072K), 3 survivors (3072K)
 Metaspace       used 62404K, committed 62912K, reserved 1105920K
  class space    used 8257K, committed 8448K, reserved 1048576K
}
Event: 8.651 GC heap before
{Heap before GC invocations=21 (full 0):
 garbage-first heap   total 106496K, used 60206K [0x0000000080000000, 0x0000000100000000)
  region size 1024K, 12 young (12288K), 3 survivors (3072K)
 Metaspace       used 62417K, committed 62912K, reserved 1105920K
  class space    used 8257K, committed 8448K, reserved 1048576K
}
Event: 8.656 GC heap after
{Heap after GC invocations=22 (full 0):
 garbage-first heap   total 106496K, used 53774K [0x0000000080000000, 0x0000000100000000)
  region size 1024K, 3 young (3072K), 3 survivors (3072K)
 Metaspace       used 62417K, committed 62912K, reserved 1105920K
  class space    used 8257K, committed 8448K, reserved 1048576K
}
Event: 9.116 GC heap before
{Heap before GC invocations=23 (full 0):
 garbage-first heap   total 106496K, used 77326K [0x0000000080000000, 0x0000000100000000)
  region size 1024K, 24 young (24576K), 3 survivors (3072K)
 Metaspace       used 64581K, committed 65088K, reserved 1105920K
  class space    used 8533K, committed 8704K, reserved 1048576K
}
Event: 9.119 GC heap after
{Heap after GC invocations=24 (full 0):
 garbage-first heap   total 106496K, used 52084K [0x0000000080000000, 0x0000000100000000)
  region size 1024K, 2 young (2048K), 2 survivors (2048K)
 Metaspace       used 64581K, committed 65088K, reserved 1105920K
  class space    used 8533K, committed 8704K, reserved 1048576K
}
Event: 9.545 GC heap before
{Heap before GC invocations=24 (full 0):
 garbage-first heap   total 106496K, used 75636K [0x0000000080000000, 0x0000000100000000)
  region size 1024K, 26 young (26624K), 2 survivors (2048K)
 Metaspace       used 66597K, committed 67136K, reserved 1114112K
  class space    used 8769K, committed 9024K, reserved 1048576K
}
Event: 9.549 GC heap after
{Heap after GC invocations=25 (full 0):
 garbage-first heap   total 106496K, used 54153K [0x0000000080000000, 0x0000000100000000)
  region size 1024K, 4 young (4096K), 4 survivors (4096K)
 Metaspace       used 66597K, committed 67136K, reserved 1114112K
  class space    used 8769K, committed 9024K, reserved 1048576K
}

