# JRE version: OpenJDK Runtime Environment (17.0.6) (build 17.0.6+0-b2043.56-9586694)
# Java VM: OpenJDK 64-Bit Server VM (17.0.6+0-b2043.56-9586694, mixed mode, tiered, compressed oops, compressed class ptrs, g1 gc, windows-amd64)
GC Precious Log:
 CPUs: 8 total, 8 available
 Memory: 7103M
 Large Page Support: Disabled
 NUMA Support: Disabled
 Compressed Oops: Enabled (32-bit)
 Heap Region Size: 1M
 Heap Min Capacity: 8M
 Heap Initial Capacity: 112M
 Heap Max Capacity: 2G
 Pre-touch: Disabled
 Parallel Workers: 8
 Concurrent Workers: 2
 Concurrent Refinement Workers: 8
 Periodic GC: Disabled
Heap:
 garbage-first heap   total 98304K, used 60177K [0x0000000080000000, 0x0000000100000000)
  region size 1024K, 11 young (11264K), 2 survivors (2048K)
 Metaspace       used 62431K, committed 62976K, reserved 1105920K
  class space    used 8256K, committed 8448K, reserved 1048576K
GC Heap History (20 events):
Event: 6.568 GC heap before
{Heap before GC invocations=12 (full 0):
 garbage-first heap   total 78848K, used 60473K [0x0000000080000000, 0x0000000100000000)
  region size 1024K, 30 young (30720K), 3 survivors (3072K)
 Metaspace       used 47922K, committed 48320K, reserved 1097728K
  class space    used 6312K, committed 6528K, reserved 1048576K
}
Event: 6.571 GC heap after
{Heap after GC invocations=13 (full 0):
 garbage-first heap   total 78848K, used 33660K [0x0000000080000000, 0x0000000100000000)
  region size 1024K, 2 young (2048K), 2 survivors (2048K)
 Metaspace       used 47922K, committed 48320K, reserved 1097728K
  class space    used 6312K, committed 6528K, reserved 1048576K
}
Event: 7.286 GC heap before
{Heap before GC invocations=13 (full 0):
 garbage-first heap   total 78848K, used 61308K [0x0000000080000000, 0x0000000100000000)
  region size 1024K, 29 young (29696K), 2 survivors (2048K)
 Metaspace       used 51015K, committed 51392K, reserved 1097728K
  class space    used 6753K, committed 6912K, reserved 1048576K
}
Event: 7.291 GC heap after
{Heap after GC invocations=14 (full 0):
 garbage-first heap   total 78848K, used 35554K [0x0000000080000000, 0x0000000100000000)
  region size 1024K, 4 young (4096K), 4 survivors (4096K)
 Metaspace       used 51015K, committed 51392K, reserved 1097728K
  class space    used 6753K, committed 6912K, reserved 1048576K
}
Event: 7.763 GC heap before
{Heap before GC invocations=14 (full 0):
 garbage-first heap   total 78848K, used 63202K [0x0000000080000000, 0x0000000100000000)
  region size 1024K, 29 young (29696K), 4 survivors (4096K)
 Metaspace       used 51835K, committed 52288K, reserved 1097728K
  class space    used 6844K, committed 7040K, reserved 1048576K
}
Event: 7.768 GC heap after
{Heap after GC invocations=15 (full 0):
 garbage-first heap   total 78848K, used 41055K [0x0000000080000000, 0x0000000100000000)
  region size 1024K, 4 young (4096K), 4 survivors (4096K)
 Metaspace       used 51835K, committed 52288K, reserved 1097728K
  class space    used 6844K, committed 7040K, reserved 1048576K
}
Event: 7.775 GC heap before
{Heap before GC invocations=15 (full 0):
 garbage-first heap   total 78848K, used 42079K [0x0000000080000000, 0x0000000100000000)
  region size 1024K, 6 young (6144K), 4 survivors (4096K)
 Metaspace       used 51835K, committed 52288K, reserved 1097728K
  class space    used 6844K, committed 7040K, reserved 1048576K
}
Event: 7.779 GC heap after
{Heap after GC invocations=16 (full 0):
 garbage-first heap   total 78848K, used 42674K [0x0000000080000000, 0x0000000100000000)
  region size 1024K, 2 young (2048K), 2 survivors (2048K)
 Metaspace       used 51835K, committed 52288K, reserved 1097728K
  class space    used 6844K, committed 7040K, reserved 1048576K
}
Event: 7.961 GC heap before
{Heap before GC invocations=17 (full 0):
 garbage-first heap   total 80896K, used 52914K [0x0000000080000000, 0x0000000100000000)
  region size 1024K, 12 young (12288K), 2 survivors (2048K)
 Metaspace       used 52925K, committed 53376K, reserved 1097728K
  class space    used 6990K, committed 7168K, reserved 1048576K
}
Event: 7.962 GC heap after
{Heap after GC invocations=18 (full 0):
 garbage-first heap   total 80896K, used 44146K [0x0000000080000000, 0x0000000100000000)
  region size 1024K, 2 young (2048K), 2 survivors (2048K)
 Metaspace       used 52925K, committed 53376K, reserved 1097728K
  class space    used 6990K, committed 7168K, reserved 1048576K
}
Event: 8.180 GC heap before
{Heap before GC invocations=18 (full 0):
 garbage-first heap   total 80896K, used 54386K [0x0000000080000000, 0x0000000100000000)
  region size 1024K, 13 young (13312K), 2 survivors (2048K)
 Metaspace       used 54430K, committed 54912K, reserved 1097728K
  class space    used 7212K, committed 7424K, reserved 1048576K
}
Event: 8.182 GC heap after
{Heap after GC invocations=19 (full 0):
 garbage-first heap   total 80896K, used 44483K [0x0000000080000000, 0x0000000100000000)
  region size 1024K, 1 young (1024K), 1 survivors (1024K)
 Metaspace       used 54430K, committed 54912K, reserved 1097728K
  class space    used 7212K, committed 7424K, reserved 1048576K
}
Event: 8.466 GC heap before
{Heap before GC invocations=20 (full 0):
 garbage-first heap   total 80896K, used 56771K [0x0000000080000000, 0x0000000100000000)
  region size 1024K, 14 young (14336K), 1 survivors (1024K)
 Metaspace       used 56554K, committed 57088K, reserved 1105920K
  class space    used 7460K, committed 7680K, reserved 1048576K
}
Event: 8.468 GC heap after
{Heap after GC invocations=21 (full 0):
 garbage-first heap   total 80896K, used 44962K [0x0000000080000000, 0x0000000100000000)
  region size 1024K, 1 young (1024K), 1 survivors (1024K)
 Metaspace       used 56554K, committed 57088K, reserved 1105920K
  class space    used 7460K, committed 7680K, reserved 1048576K
}
Event: 8.792 GC heap before
{Heap before GC invocations=21 (full 0):
 garbage-first heap   total 80896K, used 59298K [0x0000000080000000, 0x0000000100000000)
  region size 1024K, 15 young (15360K), 1 survivors (1024K)
 Metaspace       used 58653K, committed 59200K, reserved 1105920K
  class space    used 7766K, committed 8000K, reserved 1048576K
}
Event: 8.795 GC heap after
{Heap after GC invocations=22 (full 0):
 garbage-first heap   total 80896K, used 45502K [0x0000000080000000, 0x0000000100000000)
  region size 1024K, 2 young (2048K), 2 survivors (2048K)
 Metaspace       used 58653K, committed 59200K, reserved 1105920K
  class space    used 7766K, committed 8000K, reserved 1048576K
}
Event: 9.225 GC heap before
{Heap before GC invocations=23 (full 0):
 garbage-first heap   total 81920K, used 59838K [0x0000000080000000, 0x0000000100000000)
  region size 1024K, 17 young (17408K), 2 survivors (2048K)
 Metaspace       used 62379K, committed 62912K, reserved 1105920K
  class space    used 8249K, committed 8448K, reserved 1048576K
}
Event: 9.229 GC heap after
{Heap after GC invocations=24 (full 0):
 garbage-first heap   total 81920K, used 47205K [0x0000000080000000, 0x0000000100000000)
  region size 1024K, 3 young (3072K), 3 survivors (3072K)
 Metaspace       used 62379K, committed 62912K, reserved 1105920K
  class space    used 8249K, committed 8448K, reserved 1048576K
}
Event: 9.261 GC heap before
{Heap before GC invocations=24 (full 0):
 garbage-first heap   total 81920K, used 48229K [0x0000000080000000, 0x0000000100000000)
  region size 1024K, 5 young (5120K), 3 survivors (3072K)
 Metaspace       used 62428K, committed 62976K, reserved 1105920K
  class space    used 8256K, committed 8448K, reserved 1048576K
}
Event: 9.265 GC heap after
{Heap after GC invocations=25 (full 0):
 garbage-first heap   total 98304K, used 47889K [0x0000000080000000, 0x0000000100000000)
  region size 1024K, 2 young (2048K), 2 survivors (2048K)
 Metaspace       used 62428K, committed 62976K, reserved 1105920K
  class space    used 8256K, committed 8448K, reserved 1048576K
}

