# JRE version: OpenJDK Runtime Environment (17.0.6) (build 17.0.6+0-b2043.56-9586694)
# Java VM: OpenJDK 64-Bit Server VM (17.0.6+0-b2043.56-9586694, mixed mode, tiered, compressed oops, compressed class ptrs, g1 gc, windows-amd64)
GC Precious Log:
 CPUs: 8 total, 8 available
 Memory: 7103M
 Large Page Support: Disabled
 NUMA Support: Disabled
 Compressed Oops: Enabled (32-bit)
 Heap Region Size: 1M
 Heap Min Capacity: 8M
 Heap Initial Capacity: 112M
 Heap Max Capacity: 2G
 Pre-touch: Disabled
 Parallel Workers: 8
 Concurrent Workers: 2
 Concurrent Refinement Workers: 8
 Periodic GC: Disabled
Heap:
 garbage-first heap   total 82944K, used 59525K [0x0000000080000000, 0x0000000100000000)
  region size 1024K, 16 young (16384K), 1 survivors (1024K)
 Metaspace       used 60023K, committed 60544K, reserved 1105920K
  class space    used 7950K, committed 8192K, reserved 1048576K
GC Heap History (20 events):
Event: 4.296 GC heap before
{Heap before GC invocations=5 (full 0):
 garbage-first heap   total 68608K, used 47754K [0x0000000080000000, 0x0000000100000000)
  region size 1024K, 29 young (29696K), 3 survivors (3072K)
 Metaspace       used 30398K, committed 30720K, reserved 1081344K
  class space    used 4127K, committed 4224K, reserved 1048576K
}
Event: 4.301 GC heap after
{Heap after GC invocations=6 (full 0):
 garbage-first heap   total 68608K, used 22525K [0x0000000080000000, 0x0000000100000000)
  region size 1024K, 4 young (4096K), 4 survivors (4096K)
 Metaspace       used 30398K, committed 30720K, reserved 1081344K
  class space    used 4127K, committed 4224K, reserved 1048576K
}
Event: 4.823 GC heap before
{Heap before GC invocations=6 (full 0):
 garbage-first heap   total 68608K, used 49149K [0x0000000080000000, 0x0000000100000000)
  region size 1024K, 30 young (30720K), 4 survivors (4096K)
 Metaspace       used 34855K, committed 35200K, reserved 1081344K
  class space    used 4834K, committed 4992K, reserved 1048576K
}
Event: 4.828 GC heap after
{Heap after GC invocations=7 (full 0):
 garbage-first heap   total 68608K, used 24119K [0x0000000080000000, 0x0000000100000000)
  region size 1024K, 4 young (4096K), 4 survivors (4096K)
 Metaspace       used 34855K, committed 35200K, reserved 1081344K
  class space    used 4834K, committed 4992K, reserved 1048576K
}
Event: 4.917 GC heap before
{Heap before GC invocations=7 (full 0):
 garbage-first heap   total 68608K, used 26167K [0x0000000080000000, 0x0000000100000000)
  region size 1024K, 8 young (8192K), 4 survivors (4096K)
 Metaspace       used 35626K, committed 35968K, reserved 1081344K
  class space    used 4880K, committed 5056K, reserved 1048576K
}
Event: 4.922 GC heap after
{Heap after GC invocations=8 (full 0):
 garbage-first heap   total 68608K, used 24627K [0x0000000080000000, 0x0000000100000000)
  region size 1024K, 3 young (3072K), 3 survivors (3072K)
 Metaspace       used 35626K, committed 35968K, reserved 1081344K
  class space    used 4880K, committed 5056K, reserved 1048576K
}
Event: 5.434 GC heap before
{Heap before GC invocations=9 (full 0):
 garbage-first heap   total 68608K, used 48179K [0x0000000080000000, 0x0000000100000000)
  region size 1024K, 27 young (27648K), 3 survivors (3072K)
 Metaspace       used 40391K, committed 40704K, reserved 1089536K
  class space    used 5360K, committed 5504K, reserved 1048576K
}
Event: 5.439 GC heap after
{Heap after GC invocations=10 (full 0):
 garbage-first heap   total 68608K, used 28515K [0x0000000080000000, 0x0000000100000000)
  region size 1024K, 4 young (4096K), 4 survivors (4096K)
 Metaspace       used 40391K, committed 40704K, reserved 1089536K
  class space    used 5360K, committed 5504K, reserved 1048576K
}
Event: 5.743 GC heap before
{Heap before GC invocations=10 (full 0):
 garbage-first heap   total 68608K, used 54115K [0x0000000080000000, 0x0000000100000000)
  region size 1024K, 26 young (26624K), 4 survivors (4096K)
 Metaspace       used 42540K, committed 42880K, reserved 1089536K
  class space    used 5566K, committed 5696K, reserved 1048576K
}
Event: 5.748 GC heap after
{Heap after GC invocations=11 (full 0):
 garbage-first heap   total 82944K, used 30054K [0x0000000080000000, 0x0000000100000000)
  region size 1024K, 3 young (3072K), 3 survivors (3072K)
 Metaspace       used 42540K, committed 42880K, reserved 1089536K
  class space    used 5566K, committed 5696K, reserved 1048576K
}
Event: 6.369 GC heap before
{Heap before GC invocations=11 (full 0):
 garbage-first heap   total 82944K, used 60774K [0x0000000080000000, 0x0000000100000000)
  region size 1024K, 33 young (33792K), 3 survivors (3072K)
 Metaspace       used 45660K, committed 46080K, reserved 1089536K
  class space    used 6064K, committed 6272K, reserved 1048576K
}
Event: 6.375 GC heap after
{Heap after GC invocations=12 (full 0):
 garbage-first heap   total 82944K, used 32671K [0x0000000080000000, 0x0000000100000000)
  region size 1024K, 5 young (5120K), 5 survivors (5120K)
 Metaspace       used 45660K, committed 46080K, reserved 1089536K
  class space    used 6064K, committed 6272K, reserved 1048576K
}
Event: 7.017 GC heap before
{Heap before GC invocations=12 (full 0):
 garbage-first heap   total 82944K, used 63391K [0x0000000080000000, 0x0000000100000000)
  region size 1024K, 34 young (34816K), 5 survivors (5120K)
 Metaspace       used 50020K, committed 50432K, reserved 1097728K
  class space    used 6621K, committed 6784K, reserved 1048576K
}
Event: 7.023 GC heap after
{Heap after GC invocations=13 (full 0):
 garbage-first heap   total 82944K, used 34099K [0x0000000080000000, 0x0000000100000000)
  region size 1024K, 4 young (4096K), 4 survivors (4096K)
 Metaspace       used 50020K, committed 50432K, reserved 1097728K
  class space    used 6621K, committed 6784K, reserved 1048576K
}
Event: 7.694 GC heap before
{Heap before GC invocations=13 (full 0):
 garbage-first heap   total 82944K, used 63795K [0x0000000080000000, 0x0000000100000000)
  region size 1024K, 34 young (34816K), 4 survivors (4096K)
 Metaspace       used 51475K, committed 51904K, reserved 1097728K
  class space    used 6801K, committed 6976K, reserved 1048576K
}
Event: 7.700 GC heap after
{Heap after GC invocations=14 (full 0):
 garbage-first heap   total 82944K, used 35922K [0x0000000080000000, 0x0000000100000000)
  region size 1024K, 4 young (4096K), 4 survivors (4096K)
 Metaspace       used 51475K, committed 51904K, reserved 1097728K
  class space    used 6801K, committed 6976K, reserved 1048576K
}
Event: 8.282 GC heap before
{Heap before GC invocations=14 (full 0):
 garbage-first heap   total 82944K, used 66642K [0x0000000080000000, 0x0000000100000000)
  region size 1024K, 32 young (32768K), 4 survivors (4096K)
 Metaspace       used 54058K, committed 54528K, reserved 1097728K
  class space    used 7154K, committed 7360K, reserved 1048576K
}
Event: 8.289 GC heap after
{Heap after GC invocations=15 (full 0):
 garbage-first heap   total 82944K, used 43737K [0x0000000080000000, 0x0000000100000000)
  region size 1024K, 4 young (4096K), 4 survivors (4096K)
 Metaspace       used 54058K, committed 54528K, reserved 1097728K
  class space    used 7154K, committed 7360K, reserved 1048576K
}
Event: 8.735 GC heap before
{Heap before GC invocations=15 (full 0):
 garbage-first heap   total 82944K, used 64217K [0x0000000080000000, 0x0000000100000000)
  region size 1024K, 24 young (24576K), 4 survivors (4096K)
 Metaspace       used 57281K, committed 57664K, reserved 1105920K
  class space    used 7558K, committed 7744K, reserved 1048576K
}
Event: 8.739 GC heap after
{Heap after GC invocations=16 (full 0):
 garbage-first heap   total 82944K, used 45189K [0x0000000080000000, 0x0000000100000000)
  region size 1024K, 1 young (1024K), 1 survivors (1024K)
 Metaspace       used 57281K, committed 57664K, reserved 1105920K
  class space    used 7558K, committed 7744K, reserved 1048576K
}

